e:\fcis\teaching\assembly language\labs\lab9\export to dll\dllproject_template\debug\project.ilk
e:\fcis\teaching\assembly language\labs\lab9\export to dll\dllproject_template\debug\project.dll
e:\fcis\teaching\assembly language\labs\lab9\export to dll\dllproject_template\debug\project.dll.intermediate.manifest
e:\fcis\teaching\assembly language\labs\lab9\export to dll\dllproject_template\debug\project.pdb
e:\fcis\teaching\assembly language\labs\lab9\export to dll\dllproject_template\debug\main.obj
e:\fcis\teaching\assembly language\labs\lab9\export to dll\dllproject_template\debug\project.lib
e:\fcis\teaching\assembly language\labs\lab9\export to dll\dllproject_template\debug\project.exp
c:\users\pc\documents\github\sudoku\dllproject_template\debug\project.ilk
c:\users\pc\documents\github\sudoku\dllproject_template\debug\project.dll
c:\users\pc\documents\github\sudoku\dllproject_template\debug\project.pdb
c:\users\pc\documents\github\sudoku\dllproject_template\debug\main.obj
c:\users\pc\documents\github\sudoku\dllproject_template\debug\project.lib
c:\users\pc\documents\github\sudoku\dllproject_template\debug\project.exp
c:\users\pc\documents\github\sudoku\dllproject_template\debug\link.command.1.tlog
c:\users\pc\documents\github\sudoku\dllproject_template\debug\link.read.1.tlog
c:\users\pc\documents\github\sudoku\dllproject_template\debug\link.write.1.tlog
c:\users\pc\documents\github\sudoku\dllproject_template\debug\mt.command.1.tlog
c:\users\pc\documents\github\sudoku\dllproject_template\debug\mt.read.1.tlog
c:\users\pc\documents\github\sudoku\dllproject_template\debug\mt.write.1.tlog
c:\users\pc\documents\github\sudoku\dllproject_template\debug\project.write.1.tlog
c:\users\pc\documents\github\sudoku\dllproject_template\debug\project.dll.intermediate.manifest
c:\users\pc\documents\github\sudoku\dllproject_template\debug\project.tlog\link.command.1.tlog
c:\users\pc\documents\github\sudoku\dllproject_template\debug\project.tlog\link.delete.1.tlog
c:\users\pc\documents\github\sudoku\dllproject_template\debug\project.tlog\link.read.1.tlog
c:\users\pc\documents\github\sudoku\dllproject_template\debug\project.tlog\link.write.1.tlog
c:\users\pc\documents\github\sudoku\dllproject_template\debug\project.tlog\masm.read.1u.tlog
c:\users\pc\documents\github\sudoku\dllproject_template\debug\project.tlog\masm.write.1u.tlog
c:\users\pc\documents\github\sudoku\dllproject_template\debug\project.tlog\project.write.1u.tlog
